// 重构日志: 68dea771
// 重构日志: 2121f072
// 重构日志: 2bec4416
// 重构日志: 2c164224
// 重构日志: fd4afd14
// 重构日志: 4fa20b09
// 重构日志: 5c43213a
// 重构日志: 62bb3bc8
// 同步 ID: bf8d774c @ Wed Jul  1 12:31:46 UTC 2026
// 重构日志: 21df9541
// 重构日志: 2398a8d8
// 重构日志: 7ca2c3d2
// 重构日志: 783bae38
// 同步 ID: 9f27430f @ Thu Jul  2 23:51:38 UTC 2026
// 同步 ID: 88c622a8 @ Fri Jul  3 12:40:01 UTC 2026
// 重构日志: bb618313
// 重构日志: f67f00b2
// 重构日志: cced0479
// 同步 ID: b45ed442 @ Sat Jul  4 15:39:56 UTC 2026
// 同步 ID: 445e5359 @ Sat Jul  4 20:09:10 UTC 2026
// 重构日志: 4d386aba
// 同步 ID: 0dc6ad18 @ Sun Jul  5 08:24:07 UTC 2026
// 重构日志: dd722e24
// 重构日志: 4c6f739d
// 重构日志: f327a893
// 重构日志: 95670d52
// 重构日志: 84c2bf38
// 重构日志: 4d445cef
// 同步 ID: 955736df @ Tue Jul  7 11:47:23 UTC 2026
// 同步 ID: d9d9fd18 @ Wed Jul  8 00:20:10 UTC 2026
// 重构日志: 287f4d18
// 重构日志: a2f18e1d
